#
# There is insufficient memory for the Java Runtime Environment to continue.
# Native memory allocation (mmap) failed to map 65536 bytes for Failed to commit metaspace.
# Possible reasons:
#   The system is out of physical RAM or swap space
#   The process is running with CompressedOops enabled, and the Java Heap may be blocking the growth of the native heap
# Possible solutions:
#   Reduce memory load on the system
#   Increase physical memory or swap space
#   Check if swap backing store is full
#   Decrease Java heap size (-Xmx/-Xms)
#   Decrease number of Java threads
#   Decrease Java thread stack sizes (-Xss)
#   Set larger code cache with -XX:ReservedCodeCacheSize=
#   JVM is running with Unscaled Compressed Oops mode in which the Java heap is
#     placed in the first 4GB address space. The Java Heap base address is the
#     maximum limit for the native heap growth. Please use -XX:HeapBaseMinAddress
#     to set the Java Heap base and to place the Java Heap above 4GB virtual address.
# This output file may be truncated or incomplete.
#
#  Out of Memory Error (virtualSpaceNode.cpp:110), pid=20636, tid=30776
#
# JRE version: OpenJDK Runtime Environment Temurin-17.0.10+7 (17.0.10+7) (build 17.0.10+7)
# Java VM: OpenJDK 64-Bit Server VM Temurin-17.0.10+7 (17.0.10+7, mixed mode, tiered, compressed oops, compressed class ptrs, parallel gc, windows-amd64)
# No core dump will be written. Minidumps are not enabled by default on client versions of Windows
#

---------------  S U M M A R Y ------------

Command Line: -agentlib:jdwp=transport=dt_socket,server=y,suspend=n,address=1045,quiet=y --add-modules=ALL-SYSTEM --add-opens=java.base/java.util=ALL-UNNAMED --add-opens=java.base/java.lang=ALL-UNNAMED --add-opens=java.base/sun.nio.fs=ALL-UNNAMED -Declipse.application=org.eclipse.jdt.ls.core.id1 -Dosgi.bundles.defaultStartLevel=4 -Declipse.product=org.eclipse.jdt.ls.core.product -Dlog.level=ALL -Djava.import.generatesMetadataFilesAtProjectRoot=false -DDetectVMInstallationsJob.disabled=true -Dfile.encoding=utf8 -XX:+UseParallelGC -XX:GCTimeRatio=4 -XX:AdaptiveSizePolicyWeight=90 -Dsun.zip.disableMemoryMapping=true -Xmx1G -Xms100m -Xlog:disable -javaagent:c:\Users\brook\.vscode\extensions\redhat.java-1.28.1-win32-x64\lombok\lombok-1.18.31.jar c:\Users\brook\.vscode\extensions\redhat.java-1.28.1-win32-x64\server\plugins\org.eclipse.equinox.launcher_1.6.700.v20231214-2017.jar -configuration c:\Users\brook\AppData\Roaming\Code\User\globalStorage\redhat.java\1.28.1\config_ss_win -data c:\Users\brook\AppData\Roaming\Code\User\workspaceStorage\c604edee1a035afd1bc9c920765a6f50\redhat.java\ss_ws --stdio

Host: 12th Gen Intel(R) Core(TM) i7-12650H, 16 cores, 15G,  Windows 11 , 64 bit Build 22621 (10.0.22621.3235)
Time: Mon Mar 25 17:29:54 2024 Eastern Daylight Time elapsed time: 16.116624 seconds (0d 0h 0m 16s)

---------------  T H R E A D  ---------------

Current thread (0x000002622d04da80):  JavaThread "ForkJoinPool.commonPool-worker-1" daemon [_thread_in_vm, id=30776, stack(0x000000bf80100000,0x000000bf80200000)]

Stack: [0x000000bf80100000,0x000000bf80200000]
Native frames: (J=compiled Java code, j=interpreted, Vv=VM code, C=native code)
V  [jvm.dll+0x67d2c9]
V  [jvm.dll+0x834afa]
V  [jvm.dll+0x8365be]
V  [jvm.dll+0x836c23]
V  [jvm.dll+0x2477ff]
V  [jvm.dll+0x8307bb]
V  [jvm.dll+0x621d16]
V  [jvm.dll+0x621d7a]
V  [jvm.dll+0x6245aa]
V  [jvm.dll+0x6226b6]
V  [jvm.dll+0x633599]
V  [jvm.dll+0x62c874]
V  [jvm.dll+0x382e71]
C  0x000002621a21f8a8

The last pc belongs to method entry point (kind = zerolocals) (printed below).
Java frames: (J=compiled Java code, j=interpreted, Vv=VM code)
j  java.lang.StackStreamFactory$AbstractStackWalker.toStackWalkMode(Ljava/lang/StackWalker;I)I+0 java.base@17.0.10
j  java.lang.StackStreamFactory$AbstractStackWalker.<init>(Ljava/lang/StackWalker;II)V+15 java.base@17.0.10
j  java.lang.StackStreamFactory$AbstractStackWalker.<init>(Ljava/lang/StackWalker;I)V+5 java.base@17.0.10
j  java.lang.StackStreamFactory$StackFrameTraverser.<init>(Ljava/lang/StackWalker;Ljava/util/function/Function;I)V+3 java.base@17.0.10
j  java.lang.StackStreamFactory$StackFrameTraverser.<init>(Ljava/lang/StackWalker;Ljava/util/function/Function;)V+4 java.base@17.0.10
j  java.lang.StackStreamFactory.makeStackTraverser(Ljava/lang/StackWalker;Ljava/util/function/Function;)Ljava/lang/StackStreamFactory$StackFrameTraverser;+23 java.base@17.0.10
j  java.lang.StackWalker.walk(Ljava/util/function/Function;)Ljava/lang/Object;+7 java.base@17.0.10
j  java.util.logging.LogRecord$CallerFinder.get()Ljava/util/Optional;+9 java.logging@17.0.10
j  java.util.logging.LogRecord.inferCaller()V+12 java.logging@17.0.10
j  java.util.logging.LogRecord.getSourceClassName()Ljava/lang/String;+8 java.logging@17.0.10
j  java.util.logging.SimpleFormatter.format(Ljava/util/logging/LogRecord;)Ljava/lang/String;+12 java.logging@17.0.10
j  java.util.logging.StreamHandler.publish(Ljava/util/logging/LogRecord;)V+14 java.logging@17.0.10
j  java.util.logging.ConsoleHandler.publish(Ljava/util/logging/LogRecord;)V+2 java.logging@17.0.10
j  java.util.logging.Logger.log(Ljava/util/logging/LogRecord;)V+90 java.logging@17.0.10
j  java.util.logging.Logger.doLog(Ljava/util/logging/LogRecord;)V+46 java.logging@17.0.10
j  java.util.logging.Logger.log(Ljava/util/logging/Level;Ljava/lang/String;Ljava/lang/Throwable;)V+29 java.logging@17.0.10
j  org.eclipse.lsp4j.jsonrpc.RemoteEndpoint.fallbackResponseError(Ljava/lang/String;Ljava/lang/Throwable;)Lorg/eclipse/lsp4j/jsonrpc/messages/ResponseError;+17
j  org.eclipse.lsp4j.jsonrpc.RemoteEndpoint.lambda$static$0(Ljava/lang/Throwable;)Lorg/eclipse/lsp4j/jsonrpc/messages/ResponseError;+53
j  org.eclipse.lsp4j.jsonrpc.RemoteEndpoint$$Lambda$188+0x00000001003a7278.apply(Ljava/lang/Object;)Ljava/lang/Object;+4
j  org.eclipse.lsp4j.jsonrpc.RemoteEndpoint.lambda$handleRequest$2(Ljava/lang/String;Lorg/eclipse/lsp4j/jsonrpc/messages/RequestMessage;Ljava/lang/Throwable;)Ljava/lang/Void;+52
j  org.eclipse.lsp4j.jsonrpc.RemoteEndpoint$$Lambda$212+0x00000001003b0d48.apply(Ljava/lang/Object;)Ljava/lang/Object;+16
j  java.util.concurrent.CompletableFuture.uniExceptionally(Ljava/lang/Object;Ljava/util/function/Function;Ljava/util/concurrent/CompletableFuture$UniExceptionally;)Z+44 java.base@17.0.10
j  java.util.concurrent.CompletableFuture$UniExceptionally.tryFire(I)Ljava/util/concurrent/CompletableFuture;+52 java.base@17.0.10
j  java.util.concurrent.CompletableFuture.postComplete()V+76 java.base@17.0.10
j  java.util.concurrent.CompletableFuture.postFire(Ljava/util/concurrent/CompletableFuture;I)Ljava/util/concurrent/CompletableFuture;+64 java.base@17.0.10
j  java.util.concurrent.CompletableFuture$UniApply.tryFire(I)Ljava/util/concurrent/CompletableFuture;+145 java.base@17.0.10
j  java.util.concurrent.CompletableFuture$Completion.exec()Z+2 java.base@17.0.10
j  java.util.concurrent.ForkJoinTask.doExec()I+10 java.base@17.0.10
j  java.util.concurrent.ForkJoinPool$WorkQueue.topLevelExec(Ljava/util/concurrent/ForkJoinTask;Ljava/util/concurrent/ForkJoinPool$WorkQueue;)V+13 java.base@17.0.10
j  java.util.concurrent.ForkJoinPool.scan(Ljava/util/concurrent/ForkJoinPool$WorkQueue;II)I+193 java.base@17.0.10
j  java.util.concurrent.ForkJoinPool.runWorker(Ljava/util/concurrent/ForkJoinPool$WorkQueue;)V+53 java.base@17.0.10
j  java.util.concurrent.ForkJoinWorkerThread.run()V+31 java.base@17.0.10
v  ~StubRoutines::call_stub
method entry point (kind = zerolocals)  [0x000002621a21f6e0, 0x000002621a21fd80]  1696 bytes
[MachCode]
  0x000002621a21f6e0: 488b 5308 | 0fb7 4a2c | 0fb7 522a | 2bd1 81fa | f501 0000 | 0f86 2500 | 0000 488b | c248 c1e0 
  0x000002621a21f700: 0348 83c0 | 5849 0387 | c003 0000 | 483b e00f | 870a 0000 | 0058 498b | e550 e961 | 91ff ff58 
  0x000002621a21f720: 4c8d 74cc | f885 d20f | 8e09 0000 | 0068 0000 | 0000 ffca | 7ff7 5055 | 488b ec41 | 5568 0000 
  0x000002621a21f740: 0000 4c8b | 6b08 4d8d | 6d30 5348 | 8b53 0848 | 8b52 0848 | 8b52 1848 | 8b52 7048 | 8b12 5248 
  0x000002621a21f760: 8b53 1048 | 85d2 0f84 | 0700 0000 | 4881 c208 | 0100 0052 | 488b 5308 | 488b 5208 | 488b 5210 
  0x000002621a21f780: 5241 5641 | 5568 0000 | 0000 4889 | 2424 41c6 | 8779 0300 | 0001 488b | 45d8 4885 | c00f 8484 
  0x000002621a21f7a0: 0000 008b | 48fc 85c9 | 0f88 7900 | 0000 4803 | c148 8b48 | 0848 83e9 | 0248 8b54 | c810 48f7 
  0x000002621a21f7c0: da49 8b14 | d648 85d2 | 7508 4883 | 4cc8 1801 | eb4f 8b52 | 0848 c1e2 | 0348 3354 | c818 48f7 
  0x000002621a21f7e0: c2fc ffff | ff74 3a48 | f7c2 0200 | 0000 7531 | 4881 7cc8 | 1800 0000 | 0074 2148 | 817c c818 
  0x000002621a21f800: 0100 0000 | 7416 4833 | 54c8 1848 | f7c2 fcff | ffff 740d | 4883 4cc8 | 1802 eb05 | 4889 54c8 
  0x000002621a21f820: 1848 83e9 | 0279 9248 | 8b43 1048 | 85c0 7420 | 8b88 cc00 | 0000 83c1 | 0289 88cc | 0000 0023 
  0x000002621a21f840: 88e0 0000 | 000f 84b3 | 0300 00e9 | 9601 0000 | 488b 4318 | 4885 c00f | 8577 0100 | 00e8 0500 
  0x000002621a21f860: 0000 e960 | 0100 0048 | 8bd3 488d | 4424 084c | 896d c049 | 8bcf c5f8 | 7749 89af | a802 0000 
  0x000002621a21f880: 4989 8798 | 0200 0048 | 83ec 20f7 | c40f 0000 | 000f 841a | 0000 0048 | 83ec 0849 | ba50 2e8d 
  0x000002621a21f8a0: 37fd 7f00 | 0041 ffd2 | 4883 c408 | e90d 0000 | 0049 ba50 | 2e8d 37fd | 7f00 0041 | ffd2 4883 
  0x000002621a21f8c0: c420 49c7 | 8798 0200 | 0000 0000 | 0049 c787 | a802 0000 | 0000 0000 | 49c7 87a0 | 0200 0000 
  0x000002621a21f8e0: 0000 00c5 | f877 418b | 8f0c 0400 | 00f7 c101 | 0000 000f | 8449 0000 | 00f7 c102 | 0000 000f 
  0x000002621a21f900: 853d 0000 | 0048 83ec | 20f7 c40f | 0000 000f | 841a 0000 | 0048 83ec | 0849 ba50 | 008d 37fd 
  0x000002621a21f920: 7f00 0041 | ffd2 4883 | c408 e90d | 0000 0049 | ba50 008d | 37fd 7f00 | 0041 ffd2 | 4883 c420 
  0x000002621a21f940: ffe0 498b | 8f90 0400 | 0048 85c9 | 0f84 5900 | 0000 8b89 | 8c00 0000 | 83f9 010f | 854a 0000 
  0x000002621a21f960: 0049 8b8f | 9004 0000 | 8b89 9000 | 0000 4883 | ec20 f7c4 | 0f00 0000 | 0f84 1a00 | 0000 4883 
  0x000002621a21f980: ec08 49ba | 4000 8d37 | fd7f 0000 | 41ff d248 | 83c4 08e9 | 0d00 0000 | 49ba 4000 | 8d37 fd7f 
  0x000002621a21f9a0: 0000 41ff | d248 83c4 | 20ff e049 | 817f 0800 | 0000 000f | 8405 0000 | 00e9 4215 | ffff 4c8b 
  0x000002621a21f9c0: 6dc0 4c8b | 75c8 c348 | 8b43 1848 | 85c0 0f84 | 1200 0000 | 8b48 0883 | c102 8948 | 0823 4820 
  0x000002621a21f9e0: 0f84 1802 | 0000 8984 | 2400 f0ff | ff89 8424 | 00e0 ffff | 8984 2400 | d0ff ff89 | 8424 00c0 
  0x000002621a21fa00: ffff 8984 | 2400 b0ff | ff89 8424 | 00a0 ffff | 8984 2400 | 90ff ff41 | c687 7903 | 0000 0041 
  0x000002621a21fa20: 8b97 9804 | 0000 85d2 | 0f84 6701 | 0000 e805 | 0000 00e9 | 5d01 0000 | 488d 4424 | 084c 896d 
  0x000002621a21fa40: c049 8bcf | c5f8 7749 | 89af a802 | 0000 4989 | 8798 0200 | 0048 83ec | 20f7 c40f | 0000 000f 
  0x000002621a21fa60: 841a 0000 | 0048 83ec | 0849 bad0 | 568d 37fd | 7f00 0041 | ffd2 4883 | c408 e90d | 0000 0049 
  0x000002621a21fa80: bad0 568d | 37fd 7f00 | 0041 ffd2 | 4883 c420 | 49c7 8798 | 0200 0000 | 0000 0049 | c787 a802 
  0x000002621a21faa0: 0000 0000 | 0000 49c7 | 87a0 0200 | 0000 0000 | 00c5 f877 | 418b 8f0c | 0400 00f7 | c101 0000 
  0x000002621a21fac0: 000f 8449 | 0000 00f7 | c102 0000 | 000f 853d | 0000 0048 | 83ec 20f7 | c40f 0000 | 000f 841a 
  0x000002621a21fae0: 0000 0048 | 83ec 0849 | ba50 008d | 37fd 7f00 | 0041 ffd2 | 4883 c408 | e90d 0000 | 0049 ba50 
  0x000002621a21fb00: 008d 37fd | 7f00 0041 | ffd2 4883 | c420 ffe0 | 498b 8f90 | 0400 0048 | 85c9 0f84 | 5900 0000 
  0x000002621a21fb20: 8b89 8c00 | 0000 83f9 | 010f 854a | 0000 0049 | 8b8f 9004 | 0000 8b89 | 9000 0000 | 4883 ec20 
  0x000002621a21fb40: f7c4 0f00 | 0000 0f84 | 1a00 0000 | 4883 ec08 | 49ba 4000 | 8d37 fd7f | 0000 41ff | d248 83c4 
  0x000002621a21fb60: 08e9 0d00 | 0000 49ba | 4000 8d37 | fd7f 0000 | 41ff d248 | 83c4 20ff | e049 817f | 0800 0000 
  0x000002621a21fb80: 000f 8405 | 0000 00e9 | 7413 ffff | 4c8b 6dc0 | 4c8b 75c8 | c349 ba79 | 350d 38fd | 7f00 0041 
  0x000002621a21fba0: 803a 000f | 8442 0000 | 0048 8b55 | e849 8bcf | 4883 ec20 | f7c4 0f00 | 0000 0f84 | 1a00 0000 
  0x000002621a21fbc0: 4883 ec08 | 49ba 0030 | c337 fd7f | 0000 41ff | d248 83c4 | 08e9 0d00 | 0000 49ba | 0030 c337 
  0x000002621a21fbe0: fd7f 0000 | 41ff d248 | 83c4 2041 | 0fb6 5d00 | 49ba 90a9 | 0f38 fd7f | 0000 41ff | 24da ba00 
  0x000002621a21fc00: 0000 00e8 | 0500 0000 | e95d 0100 | 0048 8d44 | 2408 4c89 | 6dc0 498b | cfc5 f877 | 4989 afa8 
  0x000002621a21fc20: 0200 0049 | 8987 9802 | 0000 4883 | ec20 f7c4 | 0f00 0000 | 0f84 1a00 | 0000 4883 | ec08 49ba 
  0x000002621a21fc40: 4039 8d37 | fd7f 0000 | 41ff d248 | 83c4 08e9 | 0d00 0000 | 49ba 4039 | 8d37 fd7f | 0000 41ff 
  0x000002621a21fc60: d248 83c4 | 2049 c787 | 9802 0000 | 0000 0000 | 49c7 87a8 | 0200 0000 | 0000 0049 | c787 a002 
  0x000002621a21fc80: 0000 0000 | 0000 c5f8 | 7741 8b8f | 0c04 0000 | f7c1 0100 | 0000 0f84 | 4900 0000 | f7c1 0200 
  0x000002621a21fca0: 0000 0f85 | 3d00 0000 | 4883 ec20 | f7c4 0f00 | 0000 0f84 | 1a00 0000 | 4883 ec08 | 49ba 5000 
  0x000002621a21fcc0: 8d37 fd7f | 0000 41ff | d248 83c4 | 08e9 0d00 | 0000 49ba | 5000 8d37 | fd7f 0000 | 41ff d248 
  0x000002621a21fce0: 83c4 20ff | e049 8b8f | 9004 0000 | 4885 c90f | 8459 0000 | 008b 898c | 0000 0083 | f901 0f85 
  0x000002621a21fd00: 4a00 0000 | 498b 8f90 | 0400 008b | 8990 0000 | 0048 83ec | 20f7 c40f | 0000 000f | 841a 0000 
  0x000002621a21fd20: 0048 83ec | 0849 ba40 | 008d 37fd | 7f00 0041 | ffd2 4883 | c408 e90d | 0000 0049 | ba40 008d 
  0x000002621a21fd40: 37fd 7f00 | 0041 ffd2 | 4883 c420 | ffe0 4981 | 7f08 0000 | 0000 0f84 | 0500 0000 | e99f 11ff 
  0x000002621a21fd60: ff4c 8b6d | c04c 8b75 | c8c3 488b | 5de8 e973 | fcff ff0f | 1f44 0000 | 0000 0000 | 0000 0000 
[/MachCode]

---------------  P R O C E S S  ---------------

Threads class SMR info:
_java_thread_list=0x000002622cdb26d0, length=31, elements={
0x000002621015b950, 0x0000026228eeb380, 0x0000026228eeca00, 0x0000026223fb7ba0,
0x0000026223fb8930, 0x0000026223fba380, 0x0000026223fbe700, 0x0000026228f0ee90,
0x0000026228f10510, 0x0000026228f11340, 0x000002622907f410, 0x0000026229155860,
0x00000262291a0d10, 0x000002622b2921d0, 0x000002622bd9c0c0, 0x000002622b931820,
0x000002622b931d00, 0x000002622c193a30, 0x000002622b5e3280, 0x000002622b709cd0,
0x000002622b708da0, 0x000002622b70a1e0, 0x000002622b432090, 0x000002622c265b20,
0x000002622b707960, 0x000002622b707e70, 0x000002622b708890, 0x000002622b7092b0,
0x000002622b7097c0, 0x000002622d04da80, 0x000002622d0535a0
}

Java Threads: ( => current thread )
  0x000002621015b950 JavaThread "main" [_thread_blocked, id=30496, stack(0x000000bffd200000,0x000000bffd300000)]
  0x0000026228eeb380 JavaThread "Reference Handler" daemon [_thread_blocked, id=11960, stack(0x000000bffd500000,0x000000bffd600000)]
  0x0000026228eeca00 JavaThread "Finalizer" daemon [_thread_blocked, id=18124, stack(0x000000bffd600000,0x000000bffd700000)]
  0x0000026223fb7ba0 JavaThread "Signal Dispatcher" daemon [_thread_blocked, id=36524, stack(0x000000bffd700000,0x000000bffd800000)]
  0x0000026223fb8930 JavaThread "Attach Listener" daemon [_thread_blocked, id=35932, stack(0x000000bffd800000,0x000000bffd900000)]
  0x0000026223fba380 JavaThread "Service Thread" daemon [_thread_blocked, id=18468, stack(0x000000bffd900000,0x000000bffda00000)]
  0x0000026223fbe700 JavaThread "Monitor Deflation Thread" daemon [_thread_blocked, id=31400, stack(0x000000bffda00000,0x000000bffdb00000)]
  0x0000026228f0ee90 JavaThread "C2 CompilerThread0" daemon [_thread_blocked, id=21180, stack(0x000000bffdb00000,0x000000bffdc00000)]
  0x0000026228f10510 JavaThread "C1 CompilerThread0" daemon [_thread_blocked, id=30584, stack(0x000000bffdc00000,0x000000bffdd00000)]
  0x0000026228f11340 JavaThread "Sweeper thread" daemon [_thread_blocked, id=19660, stack(0x000000bffdd00000,0x000000bffde00000)]
  0x000002622907f410 JavaThread "Common-Cleaner" daemon [_thread_blocked, id=1208, stack(0x000000bffde00000,0x000000bffdf00000)]
  0x0000026229155860 JavaThread "JDWP Transport Listener: dt_socket" daemon [_thread_in_native, id=30392, stack(0x000000bffdf00000,0x000000bffe000000)]
  0x00000262291a0d10 JavaThread "JDWP Event Helper Thread" daemon [_thread_blocked, id=1304, stack(0x000000bffe000000,0x000000bffe100000)]
  0x000002622b2921d0 JavaThread "Notification Thread" daemon [_thread_blocked, id=19208, stack(0x000000bffe100000,0x000000bffe200000)]
  0x000002622bd9c0c0 JavaThread "Active Thread: Equinox Container: 2bb50412-675a-44ff-8555-b92b99fb3575" [_thread_blocked, id=13544, stack(0x000000bffea00000,0x000000bffeb00000)]
  0x000002622b931820 JavaThread "Framework Event Dispatcher: Equinox Container: 2bb50412-675a-44ff-8555-b92b99fb3575" daemon [_thread_blocked, id=22928, stack(0x000000bffeb00000,0x000000bffec00000)]
  0x000002622b931d00 JavaThread "Start Level: Equinox Container: 2bb50412-675a-44ff-8555-b92b99fb3575" daemon [_thread_blocked, id=8288, stack(0x000000bffec00000,0x000000bffed00000)]
  0x000002622c193a30 JavaThread "SCR Component Actor" daemon [_thread_blocked, id=32036, stack(0x000000bffed00000,0x000000bffee00000)]
  0x000002622b5e3280 JavaThread "C1 CompilerThread1" daemon [_thread_blocked, id=19744, stack(0x000000bffee00000,0x000000bffef00000)]
  0x000002622b709cd0 JavaThread "Worker-JM" [_thread_blocked, id=35804, stack(0x000000bfff200000,0x000000bfff300000)]
  0x000002622b708da0 JavaThread "Worker-0" [_thread_blocked, id=15432, stack(0x000000bfff800000,0x000000bfff900000)]
  0x000002622b70a1e0 JavaThread "Worker-1" [_thread_blocked, id=26860, stack(0x000000bfff900000,0x000000bfffa00000)]
  0x000002622b432090 JavaThread "C1 CompilerThread2" daemon [_thread_blocked, id=14692, stack(0x000000bfff600000,0x000000bfff700000)]
  0x000002622c265b20 JavaThread "C1 CompilerThread3" daemon [_thread_blocked, id=25828, stack(0x000000bfffc00000,0x000000bfffd00000)]
  0x000002622b707960 JavaThread "JNA Cleaner" daemon [_thread_blocked, id=33340, stack(0x000000bfff700000,0x000000bfff800000)]
  0x000002622b707e70 JavaThread "pool-2-thread-1" [_thread_blocked, id=26764, stack(0x000000bfffa00000,0x000000bfffb00000)]
  0x000002622b708890 JavaThread "WorkspaceEventsHandler" [_thread_blocked, id=26276, stack(0x000000bfffd00000,0x000000bfffe00000)]
  0x000002622b7092b0 JavaThread "pool-1-thread-1" [_thread_in_native, id=4020, stack(0x000000bfffe00000,0x000000bffff00000)]
  0x000002622b7097c0 JavaThread "Worker-2" [_thread_blocked, id=16092, stack(0x000000bf80000000,0x000000bf80100000)]
=>0x000002622d04da80 JavaThread "ForkJoinPool.commonPool-worker-1" daemon [_thread_in_vm, id=30776, stack(0x000000bf80100000,0x000000bf80200000)]
  0x000002622d0535a0 JavaThread "ForkJoinPool.commonPool-worker-2" daemon [_thread_blocked, id=30740, stack(0x000000bf80200000,0x000000bf80300000)]

Other Threads:
  0x0000026223fa7880 VMThread "VM Thread" [stack: 0x000000bffd400000,0x000000bffd500000] [id=3732]
  0x000002622b2a2bf0 WatcherThread [stack: 0x000000bffe200000,0x000000bffe300000] [id=37536]
  0x000002621016f420 GCTaskThread "GC Thread#0" [stack: 0x000000bffd300000,0x000000bffd400000] [id=9656]
  0x000002622b95c010 GCTaskThread "GC Thread#1" [stack: 0x000000bffe300000,0x000000bffe400000] [id=37452]
  0x000002622b95c2d0 GCTaskThread "GC Thread#2" [stack: 0x000000bffe400000,0x000000bffe500000] [id=30056]
  0x000002622b78b040 GCTaskThread "GC Thread#3" [stack: 0x000000bffe500000,0x000000bffe600000] [id=37240]
  0x000002622b78b300 GCTaskThread "GC Thread#4" [stack: 0x000000bffe600000,0x000000bffe700000] [id=10748]
  0x000002622b7c06c0 GCTaskThread "GC Thread#5" [stack: 0x000000bffe700000,0x000000bffe800000] [id=9936]
  0x000002622b831e20 GCTaskThread "GC Thread#6" [stack: 0x000000bffe800000,0x000000bffe900000] [id=17840]
  0x000002622b8320e0 GCTaskThread "GC Thread#7" [stack: 0x000000bffe900000,0x000000bffea00000] [id=9564]
  0x000002622918a180 GCTaskThread "GC Thread#8" [stack: 0x000000bffef00000,0x000000bfff000000] [id=19840]
  0x000002622916a7a0 GCTaskThread "GC Thread#9" [stack: 0x000000bfff000000,0x000000bfff100000] [id=28100]
  0x000002622bee7bc0 GCTaskThread "GC Thread#10" [stack: 0x000000bfff300000,0x000000bfff400000] [id=20564]
  0x000002622b65b1b0 GCTaskThread "GC Thread#11" [stack: 0x000000bfff400000,0x000000bfff500000] [id=9476]
  0x000002622b70cf10 GCTaskThread "GC Thread#12" [stack: 0x000000bfff500000,0x000000bfff600000] [id=10504]

Threads with active compile tasks:

VM state: not at safepoint (normal execution)

VM Mutex/Monitor currently owned by a thread:  ([mutex/lock_event])
[0x000002620ddfeda0] Metaspace_lock - owner thread: 0x000002622d04da80

OutOfMemory and StackOverflow Exception counts:
OutOfMemoryError java_heap_errors=1
LinkageErrors=55

Heap address: 0x00000000c0000000, size: 1024 MB, Compressed Oops mode: 32-bit

CDS archive(s) not mapped
Compressed class space mapped at: 0x0000000100000000-0x0000000140000000, reserved size: 1073741824
Narrow klass base: 0x0000000000000000, Narrow klass shift: 3, Narrow klass range: 0x140000000

GC Precious Log:
 CPUs: 16 total, 16 available
 Memory: 16085M
 Large Page Support: Disabled
 NUMA Support: Disabled
 Compressed Oops: Enabled (32-bit)
 Alignments: Space 512K, Generation 512K, Heap 2M
 Heap Min Capacity: 100M
 Heap Initial Capacity: 100M
 Heap Max Capacity: 1G
 Pre-touch: Disabled
 Parallel Workers: 13

Heap:
 PSYoungGen      total 22528K, used 9137K [0x00000000eab00000, 0x00000000ec300000, 0x0000000100000000)
  eden space 22016K, 39% used [0x00000000eab00000,0x00000000eb37c6c0,0x00000000ec080000)
  from space 512K, 87% used [0x00000000ec280000,0x00000000ec2f0000,0x00000000ec300000)
  to   space 1024K, 0% used [0x00000000ec100000,0x00000000ec100000,0x00000000ec200000)
 ParOldGen       total 68608K, used 30093K [0x00000000c0000000, 0x00000000c4300000, 0x00000000eab00000)
  object space 68608K, 43% used [0x00000000c0000000,0x00000000c1d63708,0x00000000c4300000)
 Metaspace       used 44835K, committed 45568K, reserved 1114112K
  class space    used 4478K, committed 4800K, reserved 1048576K

Card table byte_map: [0x000002620fae0000,0x000002620fcf0000] _byte_map_base: 0x000002620f4e0000

Marking Bits: (ParMarkBitMap*) 0x00007ffd380ed7d0
 Begin Bits: [0x0000026221dc0000, 0x0000026222dc0000)
 End Bits:   [0x0000026222dc0000, 0x0000026223dc0000)

Polling page: 0x000002620e120000

Metaspace:

Usage:
  Non-class:     39.41 MB used.
      Class:      4.37 MB used.
       Both:     43.78 MB used.

Virtual space:
  Non-class space:       64.00 MB reserved,      39.81 MB ( 62%) committed,  1 nodes.
      Class space:        1.00 GB reserved,       4.69 MB ( <1%) committed,  1 nodes.
             Both:        1.06 GB reserved,      44.50 MB (  4%) committed. 

Chunk freelists:
   Non-Class:  7.67 MB
       Class:  11.33 MB
        Both:  18.99 MB

MaxMetaspaceSize: unlimited
CompressedClassSpaceSize: 1.00 GB
Initial GC threshold: 21.00 MB
Current GC threshold: 58.38 MB
CDS: off
MetaspaceReclaimPolicy: balanced
 - commit_granule_bytes: 65536.
 - commit_granule_words: 8192.
 - virtual_space_node_default_size: 8388608.
 - enlarge_chunks_in_place: 1.
 - new_chunks_are_fully_committed: 0.
 - uncommit_free_chunks: 1.
 - use_allocation_guard: 0.
 - handle_deallocations: 1.


Internal statistics:

num_allocs_failed_limit: 6.
num_arena_births: 398.
num_arena_deaths: 14.
num_vsnodes_births: 2.
num_vsnodes_deaths: 0.
num_space_committed: 712.
num_space_uncommitted: 0.
num_chunks_returned_to_freelist: 20.
num_chunks_taken_from_freelist: 1853.
num_chunk_merges: 8.
num_chunk_splits: 1229.
num_chunks_enlarged: 831.
num_inconsistent_stats: 0.

CodeHeap 'non-profiled nmethods': size=119168Kb used=3373Kb max_used=3373Kb free=115795Kb
 bounds [0x000002621a960000, 0x000002621acb0000, 0x0000026221dc0000]
CodeHeap 'profiled nmethods': size=119104Kb used=10362Kb max_used=10362Kb free=108741Kb
 bounds [0x0000026212dc0000, 0x00000262137e0000, 0x000002621a210000]
CodeHeap 'non-nmethods': size=7488Kb used=3067Kb max_used=3151Kb free=4420Kb
 bounds [0x000002621a210000, 0x000002621a530000, 0x000002621a960000]
 total_blobs=5315 nmethods=4671 adapters=555
 compilation: enabled
              stopped_count=0, restarted_count=0
 full_count=0

Compilation events (20 events):
Event: 16.110 Thread 0x000002622b432090 4663       3       java.lang.invoke.MethodHandleNatives::staticArgumentsPulled (5 bytes)
Event: 16.111 Thread 0x000002622b432090 nmethod 4663 0x00000262137c7f90 code [0x00000262137c8120, 0x00000262137c82f8]
Event: 16.111 Thread 0x000002622b432090 4664       3       java.lang.invoke.ConstantCallSite::<init> (17 bytes)
Event: 16.111 Thread 0x000002622b5e3280 4665       3       java.lang.invoke.CallSite::<init> (23 bytes)
Event: 16.111 Thread 0x000002622b5e3280 nmethod 4665 0x00000262137c8390 code [0x00000262137c8560, 0x00000262137c89c8]
Event: 16.111 Thread 0x000002622b5e3280 4666       3       java.lang.invoke.MethodHandleNatives$CallSiteContext::make (19 bytes)
Event: 16.111 Thread 0x000002622b5e3280 nmethod 4666 0x00000262137c8c10 code [0x00000262137c8dc0, 0x00000262137c9088]
Event: 16.111 Thread 0x000002622b5e3280 4667       3       java.lang.invoke.MethodHandleNatives$CallSiteContext::<init> (5 bytes)
Event: 16.111 Thread 0x000002622b432090 nmethod 4664 0x00000262137c9210 code [0x00000262137c93e0, 0x00000262137c98c8]
Event: 16.111 Thread 0x000002622b432090 4668       3       jdk.internal.misc.Unsafe::storeStoreFence (5 bytes)
Event: 16.111 Thread 0x000002622b432090 nmethod 4668 0x00000262137c9b10 code [0x00000262137c9ca0, 0x00000262137c9db8]
Event: 16.111 Thread 0x000002622b432090 4669       3       java.lang.invoke.BootstrapMethodInvoker::widenAndCast (47 bytes)
Event: 16.111 Thread 0x000002622b5e3280 nmethod 4667 0x00000262137c9e90 code [0x00000262137ca020, 0x00000262137ca178]
Event: 16.111 Thread 0x000002622b5e3280 4670       3       java.lang.invoke.ConstantCallSite::dynamicInvoker (5 bytes)
Event: 16.112 Thread 0x000002622b5e3280 nmethod 4670 0x00000262137ca210 code [0x00000262137ca3c0, 0x00000262137ca648]
Event: 16.112 Thread 0x000002622b5e3280 4671       3       java.lang.invoke.Invokers::linkToTargetMethod (11 bytes)
Event: 16.112 Thread 0x000002622b5e3280 nmethod 4671 0x00000262137ca790 code [0x00000262137ca920, 0x00000262137caa48]
Event: 16.112 Thread 0x0000026228f10510 nmethod 4661 0x00000262137cab10 code [0x00000262137cae60, 0x00000262137cc418]
Event: 16.112 Thread 0x0000026228f10510 4672       3       java.lang.invoke.Invokers::callSiteForm (308 bytes)
Event: 16.112 Thread 0x000002622b432090 nmethod 4669 0x00000262137cd090 code [0x00000262137cd300, 0x00000262137cdc78]

GC Heap History (20 events):
Event: 12.734 GC heap before
{Heap before GC invocations=13 (full 2):
 PSYoungGen      total 24576K, used 24196K [0x00000000eab00000, 0x00000000ec900000, 0x0000000100000000)
  eden space 22016K, 100% used [0x00000000eab00000,0x00000000ec080000,0x00000000ec080000)
  from space 2560K, 85% used [0x00000000ec680000,0x00000000ec8a10a0,0x00000000ec900000)
  to   space 3072K, 0% used [0x00000000ec300000,0x00000000ec300000,0x00000000ec600000)
 ParOldGen       total 68608K, used 12853K [0x00000000c0000000, 0x00000000c4300000, 0x00000000eab00000)
  object space 68608K, 18% used [0x00000000c0000000,0x00000000c0c8d608,0x00000000c4300000)
 Metaspace       used 37331K, committed 38080K, reserved 1114112K
  class space    used 3756K, committed 4096K, reserved 1048576K
}
Event: 12.739 GC heap after
{Heap after GC invocations=13 (full 2):
 PSYoungGen      total 24576K, used 2208K [0x00000000eab00000, 0x00000000ec700000, 0x0000000100000000)
  eden space 22016K, 0% used [0x00000000eab00000,0x00000000eab00000,0x00000000ec080000)
  from space 2560K, 86% used [0x00000000ec300000,0x00000000ec528010,0x00000000ec580000)
  to   space 1536K, 0% used [0x00000000ec580000,0x00000000ec580000,0x00000000ec700000)
 ParOldGen       total 68608K, used 14789K [0x00000000c0000000, 0x00000000c4300000, 0x00000000eab00000)
  object space 68608K, 21% used [0x00000000c0000000,0x00000000c0e716e8,0x00000000c4300000)
 Metaspace       used 37331K, committed 38080K, reserved 1114112K
  class space    used 3756K, committed 4096K, reserved 1048576K
}
Event: 12.842 GC heap before
{Heap before GC invocations=14 (full 2):
 PSYoungGen      total 24576K, used 24224K [0x00000000eab00000, 0x00000000ec700000, 0x0000000100000000)
  eden space 22016K, 100% used [0x00000000eab00000,0x00000000ec080000,0x00000000ec080000)
  from space 2560K, 86% used [0x00000000ec300000,0x00000000ec528010,0x00000000ec580000)
  to   space 1536K, 0% used [0x00000000ec580000,0x00000000ec580000,0x00000000ec700000)
 ParOldGen       total 68608K, used 14789K [0x00000000c0000000, 0x00000000c4300000, 0x00000000eab00000)
  object space 68608K, 21% used [0x00000000c0000000,0x00000000c0e716e8,0x00000000c4300000)
 Metaspace       used 37349K, committed 38080K, reserved 1114112K
  class space    used 3756K, committed 4096K, reserved 1048576K
}
Event: 12.849 GC heap after
{Heap after GC invocations=14 (full 2):
 PSYoungGen      total 23552K, used 1504K [0x00000000eab00000, 0x00000000ec980000, 0x0000000100000000)
  eden space 22016K, 0% used [0x00000000eab00000,0x00000000eab00000,0x00000000ec080000)
  from space 1536K, 97% used [0x00000000ec580000,0x00000000ec6f8010,0x00000000ec700000)
  to   space 4608K, 0% used [0x00000000ec080000,0x00000000ec080000,0x00000000ec500000)
 ParOldGen       total 68608K, used 17304K [0x00000000c0000000, 0x00000000c4300000, 0x00000000eab00000)
  object space 68608K, 25% used [0x00000000c0000000,0x00000000c10e6200,0x00000000c4300000)
 Metaspace       used 37349K, committed 38080K, reserved 1114112K
  class space    used 3756K, committed 4096K, reserved 1048576K
}
Event: 12.952 GC heap before
{Heap before GC invocations=15 (full 2):
 PSYoungGen      total 23552K, used 23520K [0x00000000eab00000, 0x00000000ec980000, 0x0000000100000000)
  eden space 22016K, 100% used [0x00000000eab00000,0x00000000ec080000,0x00000000ec080000)
  from space 1536K, 97% used [0x00000000ec580000,0x00000000ec6f8010,0x00000000ec700000)
  to   space 4608K, 0% used [0x00000000ec080000,0x00000000ec080000,0x00000000ec500000)
 ParOldGen       total 68608K, used 17304K [0x00000000c0000000, 0x00000000c4300000, 0x00000000eab00000)
  object space 68608K, 25% used [0x00000000c0000000,0x00000000c10e6200,0x00000000c4300000)
 Metaspace       used 37498K, committed 38208K, reserved 1114112K
  class space    used 3772K, committed 4096K, reserved 1048576K
}
Event: 12.955 GC heap after
{Heap after GC invocations=15 (full 2):
 PSYoungGen      total 24576K, used 2208K [0x00000000eab00000, 0x00000000ec680000, 0x0000000100000000)
  eden space 22016K, 0% used [0x00000000eab00000,0x00000000eab00000,0x00000000ec080000)
  from space 2560K, 86% used [0x00000000ec080000,0x00000000ec2a8000,0x00000000ec300000)
  to   space 3072K, 0% used [0x00000000ec380000,0x00000000ec380000,0x00000000ec680000)
 ParOldGen       total 68608K, used 18848K [0x00000000c0000000, 0x00000000c4300000, 0x00000000eab00000)
  object space 68608K, 27% used [0x00000000c0000000,0x00000000c1268210,0x00000000c4300000)
 Metaspace       used 37498K, committed 38208K, reserved 1114112K
  class space    used 3772K, committed 4096K, reserved 1048576K
}
Event: 12.987 GC heap before
{Heap before GC invocations=16 (full 2):
 PSYoungGen      total 24576K, used 24224K [0x00000000eab00000, 0x00000000ec680000, 0x0000000100000000)
  eden space 22016K, 100% used [0x00000000eab00000,0x00000000ec080000,0x00000000ec080000)
  from space 2560K, 86% used [0x00000000ec080000,0x00000000ec2a8000,0x00000000ec300000)
  to   space 3072K, 0% used [0x00000000ec380000,0x00000000ec380000,0x00000000ec680000)
 ParOldGen       total 68608K, used 18848K [0x00000000c0000000, 0x00000000c4300000, 0x00000000eab00000)
  object space 68608K, 27% used [0x00000000c0000000,0x00000000c1268210,0x00000000c4300000)
 Metaspace       used 37498K, committed 38208K, reserved 1114112K
  class space    used 3772K, committed 4096K, reserved 1048576K
}
Event: 12.991 GC heap after
{Heap after GC invocations=16 (full 2):
 PSYoungGen      total 25088K, used 2784K [0x00000000eab00000, 0x00000000ec680000, 0x0000000100000000)
  eden space 22016K, 0% used [0x00000000eab00000,0x00000000eab00000,0x00000000ec080000)
  from space 3072K, 90% used [0x00000000ec380000,0x00000000ec638010,0x00000000ec680000)
  to   space 3072K, 0% used [0x00000000ec080000,0x00000000ec080000,0x00000000ec380000)
 ParOldGen       total 68608K, used 20835K [0x00000000c0000000, 0x00000000c4300000, 0x00000000eab00000)
  object space 68608K, 30% used [0x00000000c0000000,0x00000000c1458fe0,0x00000000c4300000)
 Metaspace       used 37498K, committed 38208K, reserved 1114112K
  class space    used 3772K, committed 4096K, reserved 1048576K
}
Event: 13.039 GC heap before
{Heap before GC invocations=17 (full 2):
 PSYoungGen      total 25088K, used 24800K [0x00000000eab00000, 0x00000000ec680000, 0x0000000100000000)
  eden space 22016K, 100% used [0x00000000eab00000,0x00000000ec080000,0x00000000ec080000)
  from space 3072K, 90% used [0x00000000ec380000,0x00000000ec638010,0x00000000ec680000)
  to   space 3072K, 0% used [0x00000000ec080000,0x00000000ec080000,0x00000000ec380000)
 ParOldGen       total 68608K, used 20835K [0x00000000c0000000, 0x00000000c4300000, 0x00000000eab00000)
  object space 68608K, 30% used [0x00000000c0000000,0x00000000c1458fe0,0x00000000c4300000)
 Metaspace       used 37498K, committed 38208K, reserved 1114112K
  class space    used 3772K, committed 4096K, reserved 1048576K
}
Event: 13.044 GC heap after
{Heap after GC invocations=17 (full 2):
 PSYoungGen      total 25088K, used 2560K [0x00000000eab00000, 0x00000000ec680000, 0x0000000100000000)
  eden space 22016K, 0% used [0x00000000eab00000,0x00000000eab00000,0x00000000ec080000)
  from space 3072K, 83% used [0x00000000ec080000,0x00000000ec300000,0x00000000ec380000)
  to   space 3072K, 0% used [0x00000000ec380000,0x00000000ec380000,0x00000000ec680000)
 ParOldGen       total 68608K, used 23331K [0x00000000c0000000, 0x00000000c4300000, 0x00000000eab00000)
  object space 68608K, 34% used [0x00000000c0000000,0x00000000c16c8ff0,0x00000000c4300000)
 Metaspace       used 37498K, committed 38208K, reserved 1114112K
  class space    used 3772K, committed 4096K, reserved 1048576K
}
Event: 13.447 GC heap before
{Heap before GC invocations=18 (full 2):
 PSYoungGen      total 25088K, used 24576K [0x00000000eab00000, 0x00000000ec680000, 0x0000000100000000)
  eden space 22016K, 100% used [0x00000000eab00000,0x00000000ec080000,0x00000000ec080000)
  from space 3072K, 83% used [0x00000000ec080000,0x00000000ec300000,0x00000000ec380000)
  to   space 3072K, 0% used [0x00000000ec380000,0x00000000ec380000,0x00000000ec680000)
 ParOldGen       total 68608K, used 23331K [0x00000000c0000000, 0x00000000c4300000, 0x00000000eab00000)
  object space 68608K, 34% used [0x00000000c0000000,0x00000000c16c8ff0,0x00000000c4300000)
 Metaspace       used 38102K, committed 38848K, reserved 1114112K
  class space    used 3826K, committed 4160K, reserved 1048576K
}
Event: 13.452 GC heap after
{Heap after GC invocations=18 (full 2):
 PSYoungGen      total 25088K, used 2816K [0x00000000eab00000, 0x00000000ec680000, 0x0000000100000000)
  eden space 22016K, 0% used [0x00000000eab00000,0x00000000eab00000,0x00000000ec080000)
  from space 3072K, 91% used [0x00000000ec380000,0x00000000ec640000,0x00000000ec680000)
  to   space 3072K, 0% used [0x00000000ec080000,0x00000000ec080000,0x00000000ec380000)
 ParOldGen       total 68608K, used 25658K [0x00000000c0000000, 0x00000000c4300000, 0x00000000eab00000)
  object space 68608K, 37% used [0x00000000c0000000,0x00000000c190e870,0x00000000c4300000)
 Metaspace       used 38102K, committed 38848K, reserved 1114112K
  class space    used 3826K, committed 4160K, reserved 1048576K
}
Event: 13.825 GC heap before
{Heap before GC invocations=19 (full 2):
 PSYoungGen      total 25088K, used 24832K [0x00000000eab00000, 0x00000000ec680000, 0x0000000100000000)
  eden space 22016K, 100% used [0x00000000eab00000,0x00000000ec080000,0x00000000ec080000)
  from space 3072K, 91% used [0x00000000ec380000,0x00000000ec640000,0x00000000ec680000)
  to   space 3072K, 0% used [0x00000000ec080000,0x00000000ec080000,0x00000000ec380000)
 ParOldGen       total 68608K, used 25658K [0x00000000c0000000, 0x00000000c4300000, 0x00000000eab00000)
  object space 68608K, 37% used [0x00000000c0000000,0x00000000c190e870,0x00000000c4300000)
 Metaspace       used 40185K, committed 40960K, reserved 1114112K
  class space    used 4082K, committed 4480K, reserved 1048576K
}
Event: 13.830 GC heap after
{Heap after GC invocations=19 (full 2):
 PSYoungGen      total 23040K, used 920K [0x00000000eab00000, 0x00000000ec480000, 0x0000000100000000)
  eden space 22016K, 0% used [0x00000000eab00000,0x00000000eab00000,0x00000000ec080000)
  from space 1024K, 89% used [0x00000000ec080000,0x00000000ec166228,0x00000000ec180000)
  to   space 2048K, 0% used [0x00000000ec280000,0x00000000ec280000,0x00000000ec480000)
 ParOldGen       total 68608K, used 28322K [0x00000000c0000000, 0x00000000c4300000, 0x00000000eab00000)
  object space 68608K, 41% used [0x00000000c0000000,0x00000000c1ba8870,0x00000000c4300000)
 Metaspace       used 40185K, committed 40960K, reserved 1114112K
  class space    used 4082K, committed 4480K, reserved 1048576K
}
Event: 14.362 GC heap before
{Heap before GC invocations=20 (full 2):
 PSYoungGen      total 23040K, used 22936K [0x00000000eab00000, 0x00000000ec480000, 0x0000000100000000)
  eden space 22016K, 100% used [0x00000000eab00000,0x00000000ec080000,0x00000000ec080000)
  from space 1024K, 89% used [0x00000000ec080000,0x00000000ec166228,0x00000000ec180000)
  to   space 2048K, 0% used [0x00000000ec280000,0x00000000ec280000,0x00000000ec480000)
 ParOldGen       total 68608K, used 28322K [0x00000000c0000000, 0x00000000c4300000, 0x00000000eab00000)
  object space 68608K, 41% used [0x00000000c0000000,0x00000000c1ba8870,0x00000000c4300000)
 Metaspace       used 41382K, committed 42176K, reserved 1114112K
  class space    used 4211K, committed 4608K, reserved 1048576K
}
Event: 14.363 GC heap after
{Heap after GC invocations=20 (full 2):
 PSYoungGen      total 23040K, used 544K [0x00000000eab00000, 0x00000000ec380000, 0x0000000100000000)
  eden space 22016K, 0% used [0x00000000eab00000,0x00000000eab00000,0x00000000ec080000)
  from space 1024K, 53% used [0x00000000ec280000,0x00000000ec308000,0x00000000ec380000)
  to   space 1024K, 0% used [0x00000000ec080000,0x00000000ec080000,0x00000000ec180000)
 ParOldGen       total 68608K, used 29131K [0x00000000c0000000, 0x00000000c4300000, 0x00000000eab00000)
  object space 68608K, 42% used [0x00000000c0000000,0x00000000c1c72c98,0x00000000c4300000)
 Metaspace       used 41382K, committed 42176K, reserved 1114112K
  class space    used 4211K, committed 4608K, reserved 1048576K
}
Event: 15.104 GC heap before
{Heap before GC invocations=21 (full 2):
 PSYoungGen      total 23040K, used 22560K [0x00000000eab00000, 0x00000000ec380000, 0x0000000100000000)
  eden space 22016K, 100% used [0x00000000eab00000,0x00000000ec080000,0x00000000ec080000)
  from space 1024K, 53% used [0x00000000ec280000,0x00000000ec308000,0x00000000ec380000)
  to   space 1024K, 0% used [0x00000000ec080000,0x00000000ec080000,0x00000000ec180000)
 ParOldGen       total 68608K, used 29131K [0x00000000c0000000, 0x00000000c4300000, 0x00000000eab00000)
  object space 68608K, 42% used [0x00000000c0000000,0x00000000c1c72c98,0x00000000c4300000)
 Metaspace       used 41886K, committed 42624K, reserved 1114112K
  class space    used 4242K, committed 4608K, reserved 1048576K
}
Event: 15.105 GC heap after
{Heap after GC invocations=21 (full 2):
 PSYoungGen      total 23040K, used 1023K [0x00000000eab00000, 0x00000000ec480000, 0x0000000100000000)
  eden space 22016K, 0% used [0x00000000eab00000,0x00000000eab00000,0x00000000ec080000)
  from space 1024K, 99% used [0x00000000ec080000,0x00000000ec17ff60,0x00000000ec180000)
  to   space 2048K, 0% used [0x00000000ec280000,0x00000000ec280000,0x00000000ec480000)
 ParOldGen       total 68608K, used 29603K [0x00000000c0000000, 0x00000000c4300000, 0x00000000eab00000)
  object space 68608K, 43% used [0x00000000c0000000,0x00000000c1ce8c98,0x00000000c4300000)
 Metaspace       used 41886K, committed 42624K, reserved 1114112K
  class space    used 4242K, committed 4608K, reserved 1048576K
}
Event: 15.428 GC heap before
{Heap before GC invocations=22 (full 2):
 PSYoungGen      total 23040K, used 23039K [0x00000000eab00000, 0x00000000ec480000, 0x0000000100000000)
  eden space 22016K, 100% used [0x00000000eab00000,0x00000000ec080000,0x00000000ec080000)
  from space 1024K, 99% used [0x00000000ec080000,0x00000000ec17ff60,0x00000000ec180000)
  to   space 2048K, 0% used [0x00000000ec280000,0x00000000ec280000,0x00000000ec480000)
 ParOldGen       total 68608K, used 29603K [0x00000000c0000000, 0x00000000c4300000, 0x00000000eab00000)
  object space 68608K, 43% used [0x00000000c0000000,0x00000000c1ce8c98,0x00000000c4300000)
 Metaspace       used 43452K, committed 44160K, reserved 1114112K
  class space    used 4398K, committed 4736K, reserved 1048576K
}
Event: 15.429 GC heap after
{Heap after GC invocations=22 (full 2):
 PSYoungGen      total 22528K, used 448K [0x00000000eab00000, 0x00000000ec300000, 0x0000000100000000)
  eden space 22016K, 0% used [0x00000000eab00000,0x00000000eab00000,0x00000000ec080000)
  from space 512K, 87% used [0x00000000ec280000,0x00000000ec2f0000,0x00000000ec300000)
  to   space 1024K, 0% used [0x00000000ec100000,0x00000000ec100000,0x00000000ec200000)
 ParOldGen       total 68608K, used 30093K [0x00000000c0000000, 0x00000000c4300000, 0x00000000eab00000)
  object space 68608K, 43% used [0x00000000c0000000,0x00000000c1d63708,0x00000000c4300000)
 Metaspace       used 43452K, committed 44160K, reserved 1114112K
  class space    used 4398K, committed 4736K, reserved 1048576K
}

Dll operation events (10 events):
Event: 0.055 Loaded shared library c:\Users\brook\.vscode\extensions\redhat.java-1.28.1-win32-x64\jre\17.0.10-win32-x86_64\bin\java.dll
Event: 0.222 Loaded shared library c:\Users\brook\.vscode\extensions\redhat.java-1.28.1-win32-x64\jre\17.0.10-win32-x86_64\bin\zip.dll
Event: 0.226 Loaded shared library C:\Users\brook\.vscode\extensions\redhat.java-1.28.1-win32-x64\jre\17.0.10-win32-x86_64\bin\instrument.dll
Event: 0.241 Loaded shared library C:\Users\brook\.vscode\extensions\redhat.java-1.28.1-win32-x64\jre\17.0.10-win32-x86_64\bin\net.dll
Event: 0.244 Loaded shared library C:\Users\brook\.vscode\extensions\redhat.java-1.28.1-win32-x64\jre\17.0.10-win32-x86_64\bin\nio.dll
Event: 0.253 Loaded shared library C:\Users\brook\.vscode\extensions\redhat.java-1.28.1-win32-x64\jre\17.0.10-win32-x86_64\bin\zip.dll
Event: 0.275 Loaded shared library C:\Users\brook\.vscode\extensions\redhat.java-1.28.1-win32-x64\jre\17.0.10-win32-x86_64\bin\jimage.dll
Event: 0.318 Loaded shared library c:\Users\brook\.vscode\extensions\redhat.java-1.28.1-win32-x64\jre\17.0.10-win32-x86_64\bin\verify.dll
Event: 7.554 Loaded shared library C:\Users\brook\AppData\Roaming\Code\User\globalStorage\redhat.java\1.28.1\config_ss_win\org.eclipse.equinox.launcher\org.eclipse.equinox.launcher.win32.win32.x86_64_1.2.900.v20240129-1338\eclipse_11900.dll
Event: 10.978 Loaded shared library C:\Users\brook\AppData\Local\Temp\jna-1998222250\jna986858614612377947.dll

Deoptimization events (20 events):
Event: 16.103 Thread 0x000002622d04da80 DEOPT PACKING pc=0x00000262130ecc94 sp=0x000000bf801fd9b0
Event: 16.103 Thread 0x000002622d04da80 DEOPT UNPACKING pc=0x000002621a266e43 sp=0x000000bf801fcf90 mode 1
Event: 16.103 Thread 0x000002622d04da80 DEOPT PACKING pc=0x00000262130e8034 sp=0x000000bf801fdb70
Event: 16.103 Thread 0x000002622d04da80 DEOPT UNPACKING pc=0x000002621a266e43 sp=0x000000bf801fd018 mode 1
Event: 16.103 Thread 0x000002622d04da80 DEOPT PACKING pc=0x00000262130e85bc sp=0x000000bf801fdbc0
Event: 16.103 Thread 0x000002622d04da80 DEOPT UNPACKING pc=0x000002621a266e43 sp=0x000000bf801fd0a8 mode 1
Event: 16.103 Thread 0x000002622d04da80 DEOPT PACKING pc=0x000002621aae67c8 sp=0x000000bf801fdc60
Event: 16.103 Thread 0x000002622d04da80 DEOPT UNPACKING pc=0x000002621a266e43 sp=0x000000bf801fd0f8 mode 1
Event: 16.108 Thread 0x000002622d04da80 Uncommon trap: trap_request=0xffffffc6 fr.pc=0x000002621ab0d1bc relative=0x000000000000009c
Event: 16.108 Thread 0x000002622d04da80 Uncommon trap: reason=bimorphic_or_optimized_type_check action=maybe_recompile pc=0x000002621ab0d1bc method=java.util.stream.Sink$ChainedReference.cancellationRequested()Z @ 4 c2
Event: 16.108 Thread 0x000002622d04da80 DEOPT PACKING pc=0x000002621ab0d1bc sp=0x000000bf801fd490
Event: 16.108 Thread 0x000002622d04da80 DEOPT UNPACKING pc=0x000002621a2666a3 sp=0x000000bf801fd430 mode 2
Event: 16.108 Thread 0x000002622d04da80 Uncommon trap: trap_request=0xffffffc6 fr.pc=0x000002621ab0d1bc relative=0x000000000000009c
Event: 16.108 Thread 0x000002622d04da80 Uncommon trap: reason=bimorphic_or_optimized_type_check action=maybe_recompile pc=0x000002621ab0d1bc method=java.util.stream.Sink$ChainedReference.cancellationRequested()Z @ 4 c2
Event: 16.108 Thread 0x000002622d04da80 DEOPT PACKING pc=0x000002621ab0d1bc sp=0x000000bf801fd490
Event: 16.108 Thread 0x000002622d04da80 DEOPT UNPACKING pc=0x000002621a2666a3 sp=0x000000bf801fd430 mode 2
Event: 16.108 Thread 0x000002622d04da80 Uncommon trap: trap_request=0xffffffc6 fr.pc=0x000002621ab0d1bc relative=0x000000000000009c
Event: 16.108 Thread 0x000002622d04da80 Uncommon trap: reason=bimorphic_or_optimized_type_check action=maybe_recompile pc=0x000002621ab0d1bc method=java.util.stream.Sink$ChainedReference.cancellationRequested()Z @ 4 c2
Event: 16.108 Thread 0x000002622d04da80 DEOPT PACKING pc=0x000002621ab0d1bc sp=0x000000bf801fe180
Event: 16.108 Thread 0x000002622d04da80 DEOPT UNPACKING pc=0x000002621a2666a3 sp=0x000000bf801fe120 mode 2

Classes unloaded (7 events):
Event: 8.342 Thread 0x0000026223fa7880 Unloading class 0x000000010021a400 'java/lang/invoke/LambdaForm$MH+0x000000010021a400'
Event: 8.342 Thread 0x0000026223fa7880 Unloading class 0x000000010021a000 'java/lang/invoke/LambdaForm$MH+0x000000010021a000'
Event: 8.342 Thread 0x0000026223fa7880 Unloading class 0x0000000100219c00 'java/lang/invoke/LambdaForm$MH+0x0000000100219c00'
Event: 8.342 Thread 0x0000026223fa7880 Unloading class 0x0000000100219800 'java/lang/invoke/LambdaForm$MH+0x0000000100219800'
Event: 8.342 Thread 0x0000026223fa7880 Unloading class 0x0000000100219400 'java/lang/invoke/LambdaForm$BMH+0x0000000100219400'
Event: 8.342 Thread 0x0000026223fa7880 Unloading class 0x0000000100219000 'java/lang/invoke/LambdaForm$DMH+0x0000000100219000'
Event: 8.342 Thread 0x0000026223fa7880 Unloading class 0x0000000100214400 'java/lang/invoke/LambdaForm$DMH+0x0000000100214400'

Classes redefined (0 events):
No events

Internal exceptions (20 events):
Event: 11.168 Thread 0x000002621015b950 Exception <a 'java/lang/NoSuchMethodError'{0x00000000eb815540}: 'void java.lang.invoke.DirectMethodHandle$Holder.invokeStatic(java.lang.Object, java.lang.Object, java.lang.Object, java.lang.Object)'> (0x00000000eb815540) 
thrown [s\src\hotspot\share\interpreter\linkResolver.cpp, line 759]
Event: 11.416 Thread 0x000002621015b950 Exception <a 'java/lang/NoSuchMethodError'{0x00000000ec06a7c0}: 'void java.lang.invoke.DirectMethodHandle$Holder.invokeSpecial(java.lang.Object, java.lang.Object, java.lang.Object, java.lang.Object, java.lang.Object, java.lang.Object)'> (0x00000000ec06a7c0) 
thrown [s\src\hotspot\share\interpreter\linkResolver.cpp, line 759]
Event: 11.417 Thread 0x000002621015b950 Exception <a 'java/lang/IncompatibleClassChangeError'{0x00000000ec074510}: Found class java.lang.Object, but interface was expected> (0x00000000ec074510) 
thrown [s\src\hotspot\share\interpreter\linkResolver.cpp, line 826]
Event: 11.623 Thread 0x000002622b7092b0 Exception <a 'java/io/FileNotFoundException'{0x00000000eab592e8}> (0x00000000eab592e8) 
thrown [s\src\hotspot\share\prims\jni.cpp, line 516]
Event: 11.666 Thread 0x000002622b7092b0 Exception <a 'sun/nio/fs/WindowsException'{0x00000000ead1c9a8}> (0x00000000ead1c9a8) 
thrown [s\src\hotspot\share\prims\jni.cpp, line 516]
Event: 11.670 Thread 0x000002622b708da0 Exception <a 'java/io/FileNotFoundException'{0x00000000ead51970}> (0x00000000ead51970) 
thrown [s\src\hotspot\share\prims\jni.cpp, line 516]
Event: 11.671 Thread 0x000002622b708da0 Exception <a 'java/io/FileNotFoundException'{0x00000000ead52968}> (0x00000000ead52968) 
thrown [s\src\hotspot\share\prims\jni.cpp, line 516]
Event: 11.671 Thread 0x000002622b708da0 Exception <a 'java/io/FileNotFoundException'{0x00000000ead536d8}> (0x00000000ead536d8) 
thrown [s\src\hotspot\share\prims\jni.cpp, line 516]
Event: 11.766 Thread 0x000002622b7092b0 Exception <a 'java/lang/NoSuchMethodError'{0x00000000eb079430}: 'int java.lang.invoke.DirectMethodHandle$Holder.invokeVirtual(java.lang.Object, java.lang.Object)'> (0x00000000eb079430) 
thrown [s\src\hotspot\share\interpreter\linkResolver.cpp, line 759]
Event: 11.795 Thread 0x000002622b70a1e0 Exception <a 'java/lang/NoSuchMethodError'{0x00000000eb184b50}: 'java.lang.Object java.lang.invoke.Invokers$Holder.invoke_MT(java.lang.Object, java.lang.Object, java.lang.Object)'> (0x00000000eb184b50) 
thrown [s\src\hotspot\share\interpreter\linkResolver.cpp, line 759]
Event: 12.209 Thread 0x000002622b70a1e0 Exception <a 'java/io/FileNotFoundException'{0x00000000eae40588}> (0x00000000eae40588) 
thrown [s\src\hotspot\share\prims\jni.cpp, line 516]
Event: 12.210 Thread 0x000002622b70a1e0 Exception <a 'java/io/FileNotFoundException'{0x00000000eae41ac0}> (0x00000000eae41ac0) 
thrown [s\src\hotspot\share\prims\jni.cpp, line 516]
Event: 12.213 Thread 0x000002622b70a1e0 Exception <a 'java/lang/NoSuchMethodError'{0x00000000eae532f0}: 'void java.lang.invoke.DirectMethodHandle$Holder.invokeStaticInit(java.lang.Object, java.lang.Object, java.lang.Object)'> (0x00000000eae532f0) 
thrown [s\src\hotspot\share\interpreter\linkResolver.cpp, line 759]
Event: 13.246 Thread 0x000002622b7092b0 Exception <a 'java/lang/NoSuchMethodError'{0x00000000ebde3000}: 'java.lang.Object java.lang.invoke.DirectMethodHandle$Holder.invokeInterface(java.lang.Object, java.lang.Object, java.lang.Object)'> (0x00000000ebde3000) 
thrown [s\src\hotspot\share\interpreter\linkResolver.cpp, line 759]
Event: 13.678 Thread 0x000002622b708da0 Exception <a 'java/io/FileNotFoundException'{0x00000000eb9fa1e8}> (0x00000000eb9fa1e8) 
thrown [s\src\hotspot\share\prims\jni.cpp, line 516]
Event: 14.212 Thread 0x000002622b7092b0 Implicit null exception at 0x000002621aaefbd4 to 0x000002621aaf0cb4
Event: 16.082 Thread 0x000002622d04da80 Exception <a 'java/lang/NoSuchMethodError'{0x00000000eb24fc98}: 'int java.lang.invoke.DirectMethodHandle$Holder.invokeInterface(java.lang.Object, java.lang.Object)'> (0x00000000eb24fc98) 
thrown [s\src\hotspot\share\interpreter\linkResolver.cpp, line 759]
Event: 16.083 Thread 0x000002622d04da80 Exception <a 'java/lang/IncompatibleClassChangeError'{0x00000000eb253228}: Found class java.lang.Object, but interface was expected> (0x00000000eb253228) 
thrown [s\src\hotspot\share\interpreter\linkResolver.cpp, line 826]
Event: 16.102 Thread 0x000002622d04da80 Exception <a 'java/lang/OutOfMemoryError'{0x00000000eb30c950}> (0x00000000eb30c950) 
thrown [s\src\hotspot\share\prims\jni.cpp, line 535]
Event: 16.109 Thread 0x000002622d04da80 Exception <a 'java/lang/NoSuchMethodError'{0x00000000eb34dc20}: 'java.lang.Object java.lang.invoke.DirectMethodHandle$Holder.invokeStatic(java.lang.Object, int, java.lang.Object)'> (0x00000000eb34dc20) 
thrown [s\src\hotspot\share\interpreter\linkResolver.cpp, line 759]

VM Operations (20 events):
Event: 13.039 Executing VM operation: ParallelGCFailedAllocation
Event: 13.044 Executing VM operation: ParallelGCFailedAllocation done
Event: 13.106 Executing VM operation: HandshakeAllThreads
Event: 13.106 Executing VM operation: HandshakeAllThreads done
Event: 13.447 Executing VM operation: ParallelGCFailedAllocation
Event: 13.452 Executing VM operation: ParallelGCFailedAllocation done
Event: 13.454 Executing VM operation: HandshakeAllThreads
Event: 13.454 Executing VM operation: HandshakeAllThreads done
Event: 13.634 Executing VM operation: HandshakeAllThreads
Event: 13.634 Executing VM operation: HandshakeAllThreads done
Event: 13.825 Executing VM operation: ParallelGCFailedAllocation
Event: 13.830 Executing VM operation: ParallelGCFailedAllocation done
Event: 14.362 Executing VM operation: ParallelGCFailedAllocation
Event: 14.363 Executing VM operation: ParallelGCFailedAllocation done
Event: 15.104 Executing VM operation: ParallelGCFailedAllocation
Event: 15.105 Executing VM operation: ParallelGCFailedAllocation done
Event: 15.312 Executing VM operation: HandshakeAllThreads
Event: 15.312 Executing VM operation: HandshakeAllThreads done
Event: 15.428 Executing VM operation: ParallelGCFailedAllocation
Event: 15.429 Executing VM operation: ParallelGCFailedAllocation done

Events (20 events):
Event: 16.108 loading class java/util/logging/Handler$1
Event: 16.108 loading class java/util/logging/Handler$1 done
Event: 16.108 loading class java/util/logging/StreamHandler$1
Event: 16.108 loading class java/util/logging/StreamHandler$1 done
Event: 16.108 loading class java/util/logging/LogManager$CloseOnReset
Event: 16.109 loading class java/util/logging/LogManager$CloseOnReset done
Event: 16.109 loading class java/time/temporal/TemporalAdjusters
Event: 16.109 loading class java/time/temporal/TemporalAdjusters done
Event: 16.110 loading class java/time/LocalDate$1
Event: 16.110 loading class java/time/LocalDate$1 done
Event: 16.110 loading class java/time/zone/ZoneOffsetTransitionRule$1
Event: 16.110 loading class java/time/zone/ZoneOffsetTransitionRule$1 done
Event: 16.110 loading class java/util/logging/LogRecord$CallerFinder
Event: 16.110 loading class java/util/logging/LogRecord$CallerFinder done
Event: 16.111 loading class java/lang/StackStreamFactory
Event: 16.112 loading class java/lang/StackStreamFactory done
Event: 16.112 loading class java/lang/StackWalker$ExtendedOption
Event: 16.112 loading class java/lang/StackWalker$ExtendedOption done
Event: 16.112 loading class java/lang/StackStreamFactory$StackFrameTraverser
Event: 16.112 loading class java/lang/StackStreamFactory$StackFrameTraverser done


Dynamic libraries:
0x00007ff6ba430000 - 0x00007ff6ba43e000 	c:\Users\brook\.vscode\extensions\redhat.java-1.28.1-win32-x64\jre\17.0.10-win32-x86_64\bin\java.exe
0x00007ffdc8230000 - 0x00007ffdc8446000 	C:\Windows\SYSTEM32\ntdll.dll
0x00007ffdc74c0000 - 0x00007ffdc7584000 	C:\Windows\System32\KERNEL32.DLL
0x00007ffdc5bd0000 - 0x00007ffdc5f76000 	C:\Windows\System32\KERNELBASE.dll
0x0000000065900000 - 0x0000000065c32000 	C:\Program Files\Norton Security\NortonData\22.23.5.106\Definitions\IPSDefs\20231215.064\IPSEng64.dll
0x00007ffdc64d0000 - 0x00007ffdc6582000 	C:\Windows\System32\ADVAPI32.dll
0x00007ffdc6420000 - 0x00007ffdc64c7000 	C:\Windows\System32\msvcrt.dll
0x00007ffdc6920000 - 0x00007ffdc69c8000 	C:\Windows\System32\sechost.dll
0x00007ffdc56c0000 - 0x00007ffdc56e8000 	C:\Windows\System32\bcrypt.dll
0x00007ffdc6640000 - 0x00007ffdc6755000 	C:\Windows\System32\RPCRT4.dll
0x00007ffdc7730000 - 0x00007ffdc7738000 	C:\Windows\System32\PSAPI.DLL
0x00007ffdc5970000 - 0x00007ffdc5a81000 	C:\Windows\System32\ucrtbase.dll
0x00007ffdb1660000 - 0x00007ffdb1677000 	c:\Users\brook\.vscode\extensions\redhat.java-1.28.1-win32-x64\jre\17.0.10-win32-x86_64\bin\jli.dll
0x00007ffd8b3f0000 - 0x00007ffd8b40b000 	c:\Users\brook\.vscode\extensions\redhat.java-1.28.1-win32-x64\jre\17.0.10-win32-x86_64\bin\VCRUNTIME140.dll
0x00007ffdc7970000 - 0x00007ffdc7b1d000 	C:\Windows\System32\USER32.dll
0x00007ffdc5690000 - 0x00007ffdc56b6000 	C:\Windows\System32\win32u.dll
0x00007ffdc7ca0000 - 0x00007ffdc7cc9000 	C:\Windows\System32\GDI32.dll
0x00007ffdc5570000 - 0x00007ffdc5688000 	C:\Windows\System32\gdi32full.dll
0x00007ffdc5860000 - 0x00007ffdc58fa000 	C:\Windows\System32\msvcp_win.dll
0x00007ffdba4d0000 - 0x00007ffdba763000 	C:\Windows\WinSxS\amd64_microsoft.windows.common-controls_6595b64144ccf1df_6.0.22621.3235_none_270f74e173860f98\COMCTL32.dll
0x00007ffdc7cd0000 - 0x00007ffdc7d01000 	C:\Windows\System32\IMM32.DLL
0x00007ffdaa1b0000 - 0x00007ffdaa1bc000 	c:\Users\brook\.vscode\extensions\redhat.java-1.28.1-win32-x64\jre\17.0.10-win32-x86_64\bin\vcruntime140_1.dll
0x00007ffd59eb0000 - 0x00007ffd59f3d000 	c:\Users\brook\.vscode\extensions\redhat.java-1.28.1-win32-x64\jre\17.0.10-win32-x86_64\bin\msvcp140.dll
0x00007ffd37550000 - 0x00007ffd381b2000 	c:\Users\brook\.vscode\extensions\redhat.java-1.28.1-win32-x64\jre\17.0.10-win32-x86_64\bin\server\jvm.dll
0x00007ffdc4400000 - 0x00007ffdc444d000 	C:\Windows\SYSTEM32\POWRPROF.dll
0x00007ffdbacf0000 - 0x00007ffdbacfa000 	C:\Windows\SYSTEM32\VERSION.dll
0x00007ffdb5bf0000 - 0x00007ffdb5c24000 	C:\Windows\SYSTEM32\WINMM.dll
0x00007ffdb13c0000 - 0x00007ffdb13c9000 	C:\Windows\SYSTEM32\WSOCK32.dll
0x00007ffdc7740000 - 0x00007ffdc77b1000 	C:\Windows\System32\ws2_32.DLL
0x00007ffdc43e0000 - 0x00007ffdc43f3000 	C:\Windows\SYSTEM32\UMPDC.dll
0x00007ffdc46a0000 - 0x00007ffdc46b8000 	C:\Windows\SYSTEM32\kernel.appcore.dll
0x00007ffdaa070000 - 0x00007ffdaa07a000 	c:\Users\brook\.vscode\extensions\redhat.java-1.28.1-win32-x64\jre\17.0.10-win32-x86_64\bin\jimage.dll
0x00007ffdc2920000 - 0x00007ffdc2b53000 	C:\Windows\SYSTEM32\DBGHELP.DLL
0x00007ffdc6090000 - 0x00007ffdc6418000 	C:\Windows\System32\combase.dll
0x00007ffdc6b00000 - 0x00007ffdc6bd7000 	C:\Windows\System32\OLEAUT32.dll
0x00007ffdb6e40000 - 0x00007ffdb6e72000 	C:\Windows\SYSTEM32\dbgcore.DLL
0x00007ffdc5a90000 - 0x00007ffdc5b0a000 	C:\Windows\System32\bcryptPrimitives.dll
0x00007ffd82f10000 - 0x00007ffd82f4b000 	c:\Users\brook\.vscode\extensions\redhat.java-1.28.1-win32-x64\jre\17.0.10-win32-x86_64\bin\jdwp.dll
0x00007ffda92e0000 - 0x00007ffda92ee000 	c:\Users\brook\.vscode\extensions\redhat.java-1.28.1-win32-x64\jre\17.0.10-win32-x86_64\bin\instrument.dll
0x00007ffd84510000 - 0x00007ffd84535000 	c:\Users\brook\.vscode\extensions\redhat.java-1.28.1-win32-x64\jre\17.0.10-win32-x86_64\bin\java.dll
0x00007ffd7f8b0000 - 0x00007ffd7f8c8000 	c:\Users\brook\.vscode\extensions\redhat.java-1.28.1-win32-x64\jre\17.0.10-win32-x86_64\bin\zip.dll
0x00007ffdc6be0000 - 0x00007ffdc743d000 	C:\Windows\System32\SHELL32.dll
0x00007ffdc34a0000 - 0x00007ffdc3d98000 	C:\Windows\SYSTEM32\windows.storage.dll
0x00007ffdc3360000 - 0x00007ffdc349e000 	C:\Windows\SYSTEM32\wintypes.dll
0x00007ffdc5f80000 - 0x00007ffdc6073000 	C:\Windows\System32\SHCORE.dll
0x00007ffdc6a90000 - 0x00007ffdc6aee000 	C:\Windows\System32\shlwapi.dll
0x00007ffdc54a0000 - 0x00007ffdc54c6000 	C:\Windows\SYSTEM32\profapi.dll
0x00007ffda9160000 - 0x00007ffda916c000 	c:\Users\brook\.vscode\extensions\redhat.java-1.28.1-win32-x64\jre\17.0.10-win32-x86_64\bin\dt_socket.dll
0x00007ffdc40b0000 - 0x00007ffdc40dd000 	C:\Windows\SYSTEM32\IPHLPAPI.DLL
0x00007ffdc4b20000 - 0x00007ffdc4b89000 	C:\Windows\system32\mswsock.dll
0x00007ffd82ef0000 - 0x00007ffd82f09000 	C:\Users\brook\.vscode\extensions\redhat.java-1.28.1-win32-x64\jre\17.0.10-win32-x86_64\bin\net.dll
0x00007ffdbc5a0000 - 0x00007ffdbc6d7000 	C:\Windows\SYSTEM32\WINHTTP.dll
0x00007ffd82e50000 - 0x00007ffd82e66000 	C:\Users\brook\.vscode\extensions\redhat.java-1.28.1-win32-x64\jre\17.0.10-win32-x86_64\bin\nio.dll
0x00007ffda24a0000 - 0x00007ffda24b0000 	c:\Users\brook\.vscode\extensions\redhat.java-1.28.1-win32-x64\jre\17.0.10-win32-x86_64\bin\verify.dll
0x00007ffd82e10000 - 0x00007ffd82e4e000 	C:\Users\brook\AppData\Roaming\Code\User\globalStorage\redhat.java\1.28.1\config_ss_win\org.eclipse.equinox.launcher\org.eclipse.equinox.launcher.win32.win32.x86_64_1.2.900.v20240129-1338\eclipse_11900.dll
0x00007ffdc7590000 - 0x00007ffdc772f000 	C:\Windows\System32\ole32.dll
0x00007ffdc4d80000 - 0x00007ffdc4d9b000 	C:\Windows\SYSTEM32\CRYPTSP.dll
0x00007ffdc4600000 - 0x00007ffdc4635000 	C:\Windows\system32\rsaenh.dll
0x00007ffdc4c10000 - 0x00007ffdc4c3c000 	C:\Windows\SYSTEM32\USERENV.dll
0x00007ffdc4d70000 - 0x00007ffdc4d7c000 	C:\Windows\SYSTEM32\CRYPTBASE.dll
0x00007ffdc6a80000 - 0x00007ffdc6a89000 	C:\Windows\System32\NSI.dll
0x00007ffdbbe90000 - 0x00007ffdbbea9000 	C:\Windows\SYSTEM32\dhcpcsvc6.DLL
0x00007ffdbbe70000 - 0x00007ffdbbe8f000 	C:\Windows\SYSTEM32\dhcpcsvc.DLL
0x00007ffdc40e0000 - 0x00007ffdc41d9000 	C:\Windows\SYSTEM32\DNSAPI.dll
0x00007ffd69630000 - 0x00007ffd69675000 	C:\Users\brook\AppData\Local\Temp\jna-1998222250\jna986858614612377947.dll

dbghelp: loaded successfully - version: 4.0.5 - missing functions: none
symbol engine: initialized successfully - sym options: 0x614 - pdb path: .;c:\Users\brook\.vscode\extensions\redhat.java-1.28.1-win32-x64\jre\17.0.10-win32-x86_64\bin;C:\Windows\SYSTEM32;C:\Program Files\Norton Security\NortonData\22.23.5.106\Definitions\IPSDefs\20231215.064;C:\Windows\WinSxS\amd64_microsoft.windows.common-controls_6595b64144ccf1df_6.0.22621.3235_none_270f74e173860f98;c:\Users\brook\.vscode\extensions\redhat.java-1.28.1-win32-x64\jre\17.0.10-win32-x86_64\bin\server;C:\Users\brook\AppData\Roaming\Code\User\globalStorage\redhat.java\1.28.1\config_ss_win\org.eclipse.equinox.launcher\org.eclipse.equinox.launcher.win32.win32.x86_64_1.2.900.v20240129-1338;C:\Users\brook\AppData\Local\Temp\jna-1998222250

VM Arguments:
jvm_args: -agentlib:jdwp=transport=dt_socket,server=y,suspend=n,address=1045,quiet=y --add-modules=ALL-SYSTEM --add-opens=java.base/java.util=ALL-UNNAMED --add-opens=java.base/java.lang=ALL-UNNAMED --add-opens=java.base/sun.nio.fs=ALL-UNNAMED -Declipse.application=org.eclipse.jdt.ls.core.id1 -Dosgi.bundles.defaultStartLevel=4 -Declipse.product=org.eclipse.jdt.ls.core.product -Dlog.level=ALL -Djava.import.generatesMetadataFilesAtProjectRoot=false -DDetectVMInstallationsJob.disabled=true -Dfile.encoding=utf8 -XX:+UseParallelGC -XX:GCTimeRatio=4 -XX:AdaptiveSizePolicyWeight=90 -Dsun.zip.disableMemoryMapping=true -Xmx1G -Xms100m -Xlog:disable -javaagent:c:\Users\brook\.vscode\extensions\redhat.java-1.28.1-win32-x64\lombok\lombok-1.18.31.jar 
java_command: c:\Users\brook\.vscode\extensions\redhat.java-1.28.1-win32-x64\server\plugins\org.eclipse.equinox.launcher_1.6.700.v20231214-2017.jar -configuration c:\Users\brook\AppData\Roaming\Code\User\globalStorage\redhat.java\1.28.1\config_ss_win -data c:\Users\brook\AppData\Roaming\Code\User\workspaceStorage\c604edee1a035afd1bc9c920765a6f50\redhat.java\ss_ws --stdio
java_class_path (initial): c:\Users\brook\.vscode\extensions\redhat.java-1.28.1-win32-x64\server\plugins\org.eclipse.equinox.launcher_1.6.700.v20231214-2017.jar
Launcher Type: SUN_STANDARD

[Global flags]
    uintx AdaptiveSizePolicyWeight                 = 90                                        {product} {command line}
     intx CICompilerCount                          = 12                                        {product} {ergonomic}
    uintx GCTimeRatio                              = 4                                         {product} {command line}
   size_t InitialHeapSize                          = 104857600                                 {product} {command line}
   size_t MaxHeapSize                              = 1073741824                                {product} {command line}
   size_t MaxNewSize                               = 357564416                                 {product} {ergonomic}
   size_t MinHeapDeltaBytes                        = 524288                                    {product} {ergonomic}
   size_t MinHeapSize                              = 104857600                                 {product} {command line}
   size_t NewSize                                  = 34603008                                  {product} {ergonomic}
    uintx NonNMethodCodeHeapSize                   = 7602480                                {pd product} {ergonomic}
    uintx NonProfiledCodeHeapSize                  = 122027880                              {pd product} {ergonomic}
   size_t OldSize                                  = 70254592                                  {product} {ergonomic}
    uintx ProfiledCodeHeapSize                     = 122027880                              {pd product} {ergonomic}
    uintx ReservedCodeCacheSize                    = 251658240                              {pd product} {ergonomic}
     bool SegmentedCodeCache                       = true                                      {product} {ergonomic}
   size_t SoftMaxHeapSize                          = 1073741824                             {manageable} {ergonomic}
     bool UseCompressedClassPointers               = true                           {product lp64_product} {ergonomic}
     bool UseCompressedOops                        = true                           {product lp64_product} {ergonomic}
     bool UseLargePagesIndividualAllocation        = false                                  {pd product} {ergonomic}
     bool UseParallelGC                            = true                                      {product} {command line}

Logging:
Log output configuration:
 #0: stdout all=off uptime,level,tags
 #1: stderr all=off uptime,level,tags

Environment Variables:
PATH=C:\Program Files (x86)\Common Files\Oracle\Java\javapath;C:\Program Files\Microsoft\jdk-11.0.16.101-hotspot\bin;C:\Windows\system32;C:\Windows;C:\Windows\System32\Wbem;C:\Windows\System32\WindowsPowerShell\v1.0\;C:\Windows\System32\OpenSSH\;C:\Program Files (x86)\NVIDIA Corporation\PhysX\Common;C:\Program Files\NVIDIA Corporation\NVIDIA NvDLISR;C:\Program Files\Microsoft SQL Server\150\Tools\Binn\;C:\Program Files\Microsoft SQL Server\Client SDK\ODBC\170\Tools\Binn\;C:\Program Files\dotnet\;C:\Program Files (x86)\Windows Kits\10\Windows Performance Toolkit\;C:\Program Files\Git\cmd;C:\Program Files\nodejs\;C;C:\Users\brook\.cargo\bin;C:\Users\brook\AppData\Local\Programs\Python\Python312\Scripts\;C:\Users\brook\AppData\Local\Programs\Python\Python312\;C:\Users\brook\AppData\Local\Programs\Python\Launcher\;C:\Users\brook\AppData\Local\Microsoft\WindowsApps;C:\Users\brook\AppData\Local\Programs\Microsoft VS Code\bin;C:\msys64\ucrt64\bin;C:\Users\brook\AppData\Local\GitHubDesktop\bin;C:\ProgramData\Brooke\GitHubDesktop\bin;C:\Users\brook\.dotnet\tools;C:\Program Files (x86)\Dr. Memory\bin\;C:\Users\brook\AppData\Local\pip;C:\Users\brook\AppData\Roaming\npm;C:\Program Files\CMake\bin;C:\Program Files\Tesseract-OCR;C:\Users\brook\OneDrive\Desktop\ArcStudio Stuff\Scripts;
USERNAME=Brooke
OS=Windows_NT
PROCESSOR_IDENTIFIER=Intel64 Family 6 Model 154 Stepping 3, GenuineIntel
TMP=C:\Users\brook\AppData\Local\Temp
TEMP=C:\Users\brook\AppData\Local\Temp



Periodic native trim disabled


---------------  S Y S T E M  ---------------

OS:
 Windows 11 , 64 bit Build 22621 (10.0.22621.3235)
OS uptime: 5 days 8:19 hours
Hyper-V role detected

CPU: total 16 (initial active 16) (8 cores per cpu, 2 threads per core) family 6 model 154 stepping 3 microcode 0x424, cx8, cmov, fxsr, ht, mmx, 3dnowpref, sse, sse2, sse3, ssse3, sse4.1, sse4.2, popcnt, lzcnt, tsc, tscinvbit, avx, avx2, aes, erms, clmul, bmi1, bmi2, adx, sha, fma, vzeroupper, clflush, clflushopt, clwb, hv
Processor Information for all 16 processors :
  Max Mhz: 2300, Current Mhz: 2300, Mhz Limit: 2300

Memory: 4k page, system-wide physical 16085M (855M free)
TotalPageFile size 65237M (AvailPageFile size 0M)
current process WorkingSet (physical memory assigned to process): 179M, peak: 246M
current process commit charge ("private bytes"): 277M, peak: 342M

vm_info: OpenJDK 64-Bit Server VM (17.0.10+7) for windows-amd64 JRE (17.0.10+7), built on Jan 16 2024 23:25:11 by "admin" with MS VC++ 16.10 / 16.11 (VS2019)

END.
